<?xml version="1.0" encoding="UTF-8"?>
<!-- Generated by org.testng.reporters.JUnitReportReporter -->
<testsuite skipped="0" hostname="PTALPALL-LAP" name="com.oracle.rsys.TestCases.CreateAProgramAndPublishTest" tests="1" failures="0" timestamp="12 Oct 2018 02:15:49 GMT" time="25.366" errors="0">
  <testcase name="fnSampleProgramPublishTest" time="25.366" classname="com.oracle.rsys.TestCases.CreateAProgramAndPublishTest"/>
</testsuite> <!-- com.oracle.rsys.TestCases.CreateAProgramAndPublishTest -->
