<?xml version="1.0" encoding="UTF-8"?>
<!-- Generated by org.testng.reporters.JUnitReportReporter -->
<testsuite skipped="1" hostname="PTALPALL-LAP" name="com.oracle.rsys.TestCases.LoginToQA1Test" tests="2" failures="0" timestamp="12 Oct 2018 02:15:49 GMT" time="21.009" errors="0">
  <testcase name="fnLoginTest2" time="0.001" classname="com.oracle.rsys.TestCases.LoginToQA1Test">
    <skipped/>
  </testcase> <!-- fnLoginTest2 -->
  <testcase name="fnLoginTest2" time="21.008" classname="com.oracle.rsys.TestCases.LoginToQA1Test"/>
</testsuite> <!-- com.oracle.rsys.TestCases.LoginToQA1Test -->
